<?xml version="1.0" encoding="UTF-8"?>
<!-- Generated by org.testng.reporters.JUnitReportReporter -->
<testsuite hostname="Nafisa-AcerS3" failures="0" tests="1" name="tests.SoapXMLRequest" time="2.501" errors="0" timestamp="2023-11-12T18:53:03 EST" skipped="0">
  <testcase classname="tests.SoapXMLRequest" name="validateSoapXML" time="2.501"/>
  <system-out/>
</testsuite> <!-- tests.SoapXMLRequest -->
