<?xml version="1.0" encoding="UTF-8"?>
<!-- Generated by org.testng.reporters.JUnitReportReporter -->
<testsuite hostname="Nafisa-AcerS3" failures="0" tests="1" name="tests.TestsOnLocalAPI" time="1.258" errors="0" timestamp="2023-11-11T23:23:09 EST" skipped="0">
  <testcase classname="tests.TestsOnLocalAPI" name="delete" time="1.258"/>
  <system-out/>
</testsuite> <!-- tests.TestsOnLocalAPI -->
