<?xml version="1.0" encoding="UTF-8"?>
<!-- Generated by org.testng.reporters.JUnitReportReporter -->
<testsuite hostname="Nafisa-AcerS3" failures="0" tests="1" name="tests.JSONSchemaValidator" time="2.071" errors="0" timestamp="2023-11-12T00:29:22 EST" skipped="0">
  <testcase classname="tests.JSONSchemaValidator" name="testGet" time="2.071"/>
  <system-out/>
</testsuite> <!-- tests.JSONSchemaValidator -->
