<?xml version="1.0" encoding="UTF-8"?>
<!-- Generated by org.testng.reporters.JUnitReportReporter -->
<testsuite hostname="Nafisa-AcerS3" failures="0" tests="2" name="tests.GETandPOSTexamples" time="2.815" errors="0" timestamp="2023-11-11T22:21:07 EST" skipped="0">
  <testcase classname="tests.GETandPOSTexamples" name="testPost" time="0.365"/>
  <system-out/>
  <testcase classname="tests.GETandPOSTexamples" name="testGet" time="2.450"/>
  <system-out/>
</testsuite> <!-- tests.GETandPOSTexamples -->
