<?xml version="1.0" encoding="UTF-8"?>
<!-- Generated by org.testng.reporters.JUnitReportReporter -->
<testsuite hostname="Nafisa-AcerS3" failures="0" tests="3" name="tests.PutPatchDeleteExamples" time="3.028" errors="0" timestamp="2023-11-11T22:40:30 EST" skipped="0">
  <testcase classname="tests.PutPatchDeleteExamples" name="testPatch" time="0.482"/>
  <system-out/>
  <testcase classname="tests.PutPatchDeleteExamples" name="testDelete" time="1.666"/>
  <system-out/>
  <testcase classname="tests.PutPatchDeleteExamples" name="testPut" time="0.880"/>
  <system-out/>
</testsuite> <!-- tests.PutPatchDeleteExamples -->
