<?xml version="1.0" encoding="UTF-8"?>
<!-- Generated by org.testng.reporters.JUnitReportReporter -->
<testsuite hostname="Nafisa-AcerS3" failures="0" tests="1" name="tests.TestsExamples" time="1.532" errors="0" timestamp="2023-11-11T19:36:48 EST" skipped="0">
  <testcase classname="tests.TestsExamples" name="test_1" time="1.532"/>
  <system-out/>
</testsuite> <!-- tests.TestsExamples -->
